<?xml version="1.0" encoding="UTF-8"?>
<!-- Generated by org.testng.reporters.JUnitReportReporter -->
<testsuite hostname="DESKTOP-25A5VGP" failures="0" tests="1" name="automationtesting.co.uk.TC_0001_Login_Functionality" time="3.870" errors="0" timestamp="2023-03-01T16:36:21 CET" skipped="0">
  <testcase classname="automationtesting.co.uk.TC_0001_Login_Functionality" name="corectUsernameAndPassword" time="3.870"/>
  <system-out/>
</testsuite> <!-- automationtesting.co.uk.TC_0001_Login_Functionality -->
