<?xml version="1.0" encoding="UTF-8"?>
<!-- Generated by org.testng.reporters.JUnitReportReporter -->
<testsuite hostname="DESKTOP-25A5VGP" failures="0" tests="2" name="automationtesting.co.uk.TC_0001_Login_Functionality" time="9.547" errors="0" timestamp="2023-08-01T13:48:43 CEST" skipped="0">
  <testcase classname="automationtesting.co.uk.TC_0001_Login_Functionality" name="correctUsernameAndPassword" time="7.045"/>
  <system-out>
    <![CDATA[Test pass, user can login with correct Username and Password]]>
  </system-out>
  <testcase classname="automationtesting.co.uk.TC_0001_Login_Functionality" name="incorrectUsernameAndPassword" time="2.502"/>
  <system-out>
    <![CDATA[Test pass, user cannot login with incorrect Username and Password]]>
  </system-out>
</testsuite> <!-- automationtesting.co.uk.TC_0001_Login_Functionality -->
