<?xml version="1.0" encoding="UTF-8"?>
<!-- Generated by org.testng.reporters.JUnitReportReporter -->
<testsuite hostname="DESKTOP-25A5VGP" failures="0" tests="2" name="automationtesting.co.uk.TC_0001_Login_Functionality" time="7.834" errors="0" timestamp="2023-03-04T17:04:18 CET" skipped="0">
  <testcase classname="automationtesting.co.uk.TC_0001_Login_Functionality" name="correctUsernameAndPassword" time="5.865"/>
  <system-out>
    <![CDATA[Test pass, user can login with correct Username and Password]]>
  </system-out>
  <testcase classname="automationtesting.co.uk.TC_0001_Login_Functionality" name="incorrectUsernameAndPassword" time="1.969"/>
  <system-out>
    <![CDATA[Test pass, user cannot login with incorrect Username and Password]]>
  </system-out>
</testsuite> <!-- automationtesting.co.uk.TC_0001_Login_Functionality -->
