<?xml version="1.0" encoding="UTF-8"?>
<!-- Generated by org.testng.reporters.JUnitReportReporter -->
<testsuite hostname="DESKTOP-25A5VGP" failures="0" tests="1" name="automationtesting.co.uk.TC_0002_Calculator_Functionality" time="0.563" errors="0" timestamp="2023-08-04T04:17:30 CEST" skipped="0">
  <testcase classname="automationtesting.co.uk.TC_0002_Calculator_Functionality" name="plusFunctionality" time="0.563"/>
  <system-out/>
</testsuite> <!-- automationtesting.co.uk.TC_0002_Calculator_Functionality -->
