<?xml version="1.0" encoding="UTF-8"?>
<!-- Generated by org.testng.reporters.JUnitReportReporter -->
<testsuite hostname="DESKTOP-25A5VGP" failures="0" tests="1" name="automationtesting.co.uk.TC_0001_Login_Functionality" time="1.097" errors="0" timestamp="2023-02-22T20:51:56 CET" skipped="0">
  <testcase classname="automationtesting.co.uk.TC_0001_Login_Functionality" name="corectUsernameAndPassword" time="1.097"/>
  <system-out/>
</testsuite> <!-- automationtesting.co.uk.TC_0001_Login_Functionality -->
