<?xml version="1.0" encoding="UTF-8"?>
<!-- Generated by org.testng.reporters.JUnitReportReporter -->
<testsuite hostname="DESKTOP-25A5VGP" failures="0" tests="1" name="automationtesting.co.uk.LoginTest" time="1.135" errors="0" timestamp="2023-02-20T14:54:44 CET" skipped="0">
  <testcase classname="automationtesting.co.uk.LoginTest" name="loginTest" time="1.135"/>
  <system-out/>
</testsuite> <!-- automationtesting.co.uk.LoginTest -->
